#
# A fatal error has been detected by the Java Runtime Environment:
#
#  EXCEPTION_ACCESS_VIOLATION (0xc0000005) at pc=0x6da1d158, pid=5488, tid=4504
#
# JRE version: 6.0_22-b04
# Java VM: Java HotSpot(TM) Client VM (17.1-b03 mixed mode, sharing windows-x86 )
# Problematic frame:
# V  [jvm.dll+0x17d158]
#
# If you would like to submit a bug report, please visit:
#   http://java.sun.com/webapps/bugreport/crash.jsp
#

---------------  T H R E A D  ---------------

Current thread (0x02afa000):  VMThread [stack: 0x02be0000,0x02c30000] [id=4504]

siginfo: ExceptionCode=0xc0000005, reading address 0x21ff1fb8

Registers:
EAX=0x00000000, EBX=0x29fac53c, ECX=0x32be9758, EDX=0x00000000
ESP=0x02c2fb44, EBP=0x02c2fb50, ESI=0x21ff1fb8, EDI=0x29fac478
EIP=0x6da1d158, EFLAGS=0x00010206

Top of Stack: (sp=0x02c2fb44)
0x02c2fb44:   29f79258 000003fe 00000003 02c2fb70
0x02c2fb54:   6da01914 00000003 6db01f70 379b8b90
0x02c2fb64:   003bbaf0 6da01f72 6db01f70 02c2fb84
0x02c2fb74:   6da8ae44 6db1b98c 6db01f70 003bbaf0
0x02c2fb84:   02c2fba0 6da49089 6db01f70 00000000
0x02c2fb94:   6db01f70 6db01f70 003bbaf0 02c2fbe0
0x02c2fba4:   6d96c070 00000001 00000001 00000002
0x02c2fbb4:   6db01f70 02c2fbcc 6db01f70 00000001 

Instructions: (pc=0x6da1d158)
0x6da1d148:   8d 1c 8f 83 c4 04 3b fb 73 73 8b 37 85 f6 74 66
0x6da1d158:   8b 16 83 e2 03 80 fa 03 74 5c 8b 06 c7 45 08 03 


Stack: [0x02be0000,0x02c30000],  sp=0x02c2fb44,  free space=13e02c2f6b8k
Native frames: (J=compiled Java code, j=interpreted, Vv=VM code, C=native code)
V  [jvm.dll+0x17d158]
V  [jvm.dll+0x161914]
V  [jvm.dll+0x1eae44]
V  [jvm.dll+0x1a9089]
V  [jvm.dll+0xcc070]
V  [jvm.dll+0xcc8b0]
V  [jvm.dll+0xcccd0]
V  [jvm.dll+0xd0d4a]
V  [jvm.dll+0x1e13d2]
V  [jvm.dll+0xcbad8]
V  [jvm.dll+0x7ffeb]
V  [jvm.dll+0x1fd51b]
V  [jvm.dll+0x200303]
V  [jvm.dll+0x1ff5ee]
V  [jvm.dll+0x1ff910]
V  [jvm.dll+0x1ffd02]
V  [jvm.dll+0x185f3c]
C  [msvcr71.dll+0x9565]
C  [kernel32.dll+0xb729]

VM_Operation (0x0396f104): GenCollectForAllocation, mode: safepoint, requested by thread 0x033d8400


---------------  P R O C E S S  ---------------

Java Threads: ( => current thread )
  0x033d8400 JavaThread "Thread-3" [_thread_blocked, id=5920, stack(0x03920000,0x03970000)]
  0x0309e400 JavaThread "TimerQueue" daemon [_thread_blocked, id=6036, stack(0x038d0000,0x03920000)]
  0x003b6c00 JavaThread "DestroyJavaVM" [_thread_blocked, id=6096, stack(0x008c0000,0x00910000)]
  0x03022800 JavaThread "D3D Screen Updater" daemon [_thread_blocked, id=5228, stack(0x037b0000,0x03800000)]
  0x02f0d400 JavaThread "AWT-EventQueue-0" [_thread_blocked, id=5416, stack(0x032d0000,0x03320000)]
  0x02bdac00 JavaThread "AWT-Windows" daemon [_thread_in_native, id=5796, stack(0x03140000,0x03190000)]
  0x02bda000 JavaThread "AWT-Shutdown" [_thread_blocked, id=5636, stack(0x030f0000,0x03140000)]
  0x02bd8000 JavaThread "Java2D Disposer" daemon [_thread_blocked, id=620, stack(0x030a0000,0x030f0000)]
  0x02b0d400 JavaThread "Low Memory Detector" daemon [_thread_blocked, id=2188, stack(0x02dc0000,0x02e10000)]
  0x02b06c00 JavaThread "CompilerThread0" daemon [_thread_blocked, id=5320, stack(0x02d70000,0x02dc0000)]
  0x02b05400 JavaThread "Attach Listener" daemon [_thread_blocked, id=6080, stack(0x02d20000,0x02d70000)]
  0x02b04000 JavaThread "Signal Dispatcher" daemon [_thread_blocked, id=2956, stack(0x02cd0000,0x02d20000)]
  0x02afd000 JavaThread "Finalizer" daemon [_thread_blocked, id=5044, stack(0x02c80000,0x02cd0000)]
  0x02afb800 JavaThread "Reference Handler" daemon [_thread_blocked, id=4264, stack(0x02c30000,0x02c80000)]

Other Threads:
=>0x02afa000 VMThread [stack: 0x02be0000,0x02c30000] [id=4504]
  0x02b17c00 WatcherThread [stack: 0x02e10000,0x02e60000] [id=4624]

VM state:at safepoint (normal execution)

VM Mutex/Monitor currently owned by a thread:  ([mutex/lock_event])
[0x003b5c70] Threads_lock - owner thread: 0x02afa000
[0x003b6080] Heap_lock - owner thread: 0x033d8400

Heap
 def new generation   total 27200K, used 2K [0x22990000, 0x24710000, 0x27ee0000)
  eden space 24192K,   0% used [0x22990000, 0x22990000, 0x24130000)
  from space 3008K,   0% used [0x24420000, 0x24420b88, 0x24710000)
  to   space 3008K,   0% used [0x24130000, 0x24130000, 0x24420000)
 tenured generation   total 60680K, used 60590K [0x27ee0000, 0x2ba22000, 0x32990000)
   the space 60680K,  99% used [0x27ee0000, 0x2ba0baf8, 0x2ba0bc00, 0x2ba22000)
 compacting perm gen  total 12288K, used 4205K [0x32990000, 0x33590000, 0x36990000)
   the space 12288K,  34% used [0x32990000, 0x32dab548, 0x32dab600, 0x33590000)
    ro space 10240K,  54% used [0x36990000, 0x36f0c510, 0x36f0c600, 0x37390000)
    rw space 12288K,  55% used [0x37390000, 0x37a2fb78, 0x37a2fc00, 0x37f90000)

Dynamic libraries:
0x00400000 - 0x00424000 	C:\Program Files\Java\jdk1.6.0_22\bin\javaw.exe
0x7c900000 - 0x7c9b2000 	C:\WINDOWS\system32\ntdll.dll
0x7c800000 - 0x7c8f6000 	C:\WINDOWS\system32\kernel32.dll
0x77dd0000 - 0x77e6b000 	C:\WINDOWS\system32\ADVAPI32.dll
0x77e70000 - 0x77f03000 	C:\WINDOWS\system32\RPCRT4.dll
0x77fe0000 - 0x77ff1000 	C:\WINDOWS\system32\Secur32.dll
0x7e410000 - 0x7e4a1000 	C:\WINDOWS\system32\USER32.dll
0x77f10000 - 0x77f59000 	C:\WINDOWS\system32\GDI32.dll
0x76390000 - 0x763ad000 	C:\WINDOWS\system32\IMM32.DLL
0x629c0000 - 0x629c9000 	C:\WINDOWS\system32\LPK.DLL
0x74d90000 - 0x74dfb000 	C:\WINDOWS\system32\USP10.dll
0x7c340000 - 0x7c396000 	C:\Program Files\Java\jdk1.6.0_22\jre\bin\msvcr71.dll
0x6d8a0000 - 0x6db47000 	C:\Program Files\Java\jdk1.6.0_22\jre\bin\client\jvm.dll
0x76b40000 - 0x76b6d000 	C:\WINDOWS\system32\WINMM.dll
0x6d850000 - 0x6d85c000 	C:\Program Files\Java\jdk1.6.0_22\jre\bin\verify.dll
0x6d3d0000 - 0x6d3ef000 	C:\Program Files\Java\jdk1.6.0_22\jre\bin\java.dll
0x6d330000 - 0x6d338000 	C:\Program Files\Java\jdk1.6.0_22\jre\bin\hpi.dll
0x76bf0000 - 0x76bfb000 	C:\WINDOWS\system32\PSAPI.DLL
0x6d890000 - 0x6d89f000 	C:\Program Files\Java\jdk1.6.0_22\jre\bin\zip.dll
0x6d0b0000 - 0x6d1fa000 	C:\Program Files\Java\jdk1.6.0_22\jre\bin\awt.dll
0x73000000 - 0x73026000 	C:\WINDOWS\system32\WINSPOOL.DRV
0x77c10000 - 0x77c68000 	C:\WINDOWS\system32\msvcrt.dll
0x774e0000 - 0x7761e000 	C:\WINDOWS\system32\ole32.dll
0x773d0000 - 0x774d3000 	C:\WINDOWS\WinSxS\x86_Microsoft.Windows.Common-Controls_6595b64144ccf1df_6.0.2600.6028_x-ww_61e65202\COMCTL32.dll
0x77f60000 - 0x77fd6000 	C:\WINDOWS\system32\SHLWAPI.dll
0x6d2e0000 - 0x6d32f000 	C:\Program Files\Java\jdk1.6.0_22\jre\bin\fontmanager.dll
0x77b40000 - 0x77b62000 	C:\WINDOWS\system32\apphelp.dll
0x755c0000 - 0x755ee000 	C:\WINDOWS\system32\msctfime.ime
0x4fdd0000 - 0x4ff76000 	C:\WINDOWS\system32\d3d9.dll
0x03190000 - 0x03196000 	C:\WINDOWS\system32\d3d8thk.dll
0x77c00000 - 0x77c08000 	C:\WINDOWS\system32\VERSION.dll
0x7c9c0000 - 0x7d1d7000 	C:\WINDOWS\system32\shell32.dll
0x6d6b0000 - 0x6d6c3000 	C:\Program Files\Java\jdk1.6.0_22\jre\bin\net.dll
0x71ab0000 - 0x71ac7000 	C:\WINDOWS\system32\WS2_32.dll
0x71aa0000 - 0x71aa8000 	C:\WINDOWS\system32\WS2HELP.dll
0x6d6d0000 - 0x6d6d9000 	C:\Program Files\Java\jdk1.6.0_22\jre\bin\nio.dll
0x10000000 - 0x1004a000 	D:\workspace\jbullet\lib\lwjgl\win32\lwjgl.dll
0x5ed00000 - 0x5edcc000 	C:\WINDOWS\system32\OPENGL32.dll
0x68b20000 - 0x68b40000 	C:\WINDOWS\system32\GLU32.dll
0x73760000 - 0x737ab000 	C:\WINDOWS\system32\DDRAW.dll
0x73bc0000 - 0x73bc6000 	C:\WINDOWS\system32\DCIMAN32.dll
0x69500000 - 0x6a642000 	C:\WINDOWS\system32\nvoglnt.dll

VM Arguments:
jvm_args: -ea -Djava.library.path=D:/workspace/jbullet/lib/lwjgl/win32 -Dfile.encoding=Cp1252 
java_command: ec.display.PhysicsConsole
Launcher Type: SUN_STANDARD

Environment Variables:
JAVA_HOME=C:\Program Files\Java\jdk1.6.0_22
CLASSPATH=.;C:\Program Files\Java\jre6\lib\ext\QTJava.zip
PATH=D:\app\Brendan\product\11.2.0\dbhome_1\bin;C:\Program Files\NVIDIA Corporation\PhysX\Common;C:\WINDOWS\system32;C:\WINDOWS;C:\WINDOWS\System32\Wbem;C:\Program Files\QuickTime\QTSystem\;C:\VXIPNP\WinNT\Bin;C:\Program Files\monotone;D:\dev\apache-maven-3.0.3\bin;"C:\Program Files\Java\jdk1.6.0_22\bin";"D:\dev\spring-roo-1.2.3.RELEASE\bin"
USERNAME=Brendan
OS=Windows_NT
PROCESSOR_IDENTIFIER=x86 Family 16 Model 2 Stepping 2, AuthenticAMD



---------------  S Y S T E M  ---------------

OS: Windows XP Build 2600 Service Pack 3

CPU:total 4 (4 cores per cpu, 1 threads per core) family 16 model 2 stepping 2, cmov, cx8, fxsr, mmx, sse, sse2, sse3, popcnt, mmxext, 3dnow, 3dnowext, lzcnt, sse4a

Memory: 4k page, physical 3144104k(1559672k free), swap 5027816k(3066820k free)

vm_info: Java HotSpot(TM) Client VM (17.1-b03) for windows-x86 JRE (1.6.0_22-b04), built on Sep 15 2010 00:56:36 by "java_re" with MS VC++ 7.1 (VS2003)

time: Sun Apr 21 21:55:59 2013
elapsed time: 848 seconds

